Determining if the pthread_create exist failed with the following output:
Change Dir: /home/ibrahim/reconstruction_work/build/CMakeFiles/CMakeTmp

Run Build Command:"/usr/bin/make" "cmTC_203fb/fast"
/usr/bin/make -f CMakeFiles/cmTC_203fb.dir/build.make CMakeFiles/cmTC_203fb.dir/build
make[1]: Entering directory '/home/ibrahim/reconstruction_work/build/CMakeFiles/CMakeTmp'
Building C object CMakeFiles/cmTC_203fb.dir/CheckSymbolExists.c.o
/usr/bin/cc    -o CMakeFiles/cmTC_203fb.dir/CheckSymbolExists.c.o   -c /home/ibrahim/reconstruction_work/build/CMakeFiles/CMakeTmp/CheckSymbolExists.c
Linking C executable cmTC_203fb
/usr/bin/cmake -E cmake_link_script CMakeFiles/cmTC_203fb.dir/link.txt --verbose=1
/usr/bin/cc      -rdynamic CMakeFiles/cmTC_203fb.dir/CheckSymbolExists.c.o  -o cmTC_203fb 
CMakeFiles/cmTC_203fb.dir/CheckSymbolExists.c.o: In function `main':
CheckSymbolExists.c:(.text+0x1b): undefined reference to `pthread_create'
collect2: error: ld returned 1 exit status
CMakeFiles/cmTC_203fb.dir/build.make:97: recipe for target 'cmTC_203fb' failed
make[1]: *** [cmTC_203fb] Error 1
make[1]: Leaving directory '/home/ibrahim/reconstruction_work/build/CMakeFiles/CMakeTmp'
Makefile:126: recipe for target 'cmTC_203fb/fast' failed
make: *** [cmTC_203fb/fast] Error 2

File /home/ibrahim/reconstruction_work/build/CMakeFiles/CMakeTmp/CheckSymbolExists.c:
/* */
#include <pthread.h>

int main(int argc, char** argv)
{
  (void)argv;
#ifndef pthread_create
  return ((int*)(&pthread_create))[argc];
#else
  (void)argc;
  return 0;
#endif
}

Determining if the function pthread_create exists in the pthreads failed with the following output:
Change Dir: /home/ibrahim/reconstruction_work/build/CMakeFiles/CMakeTmp

Run Build Command:"/usr/bin/make" "cmTC_77445/fast"
/usr/bin/make -f CMakeFiles/cmTC_77445.dir/build.make CMakeFiles/cmTC_77445.dir/build
make[1]: Entering directory '/home/ibrahim/reconstruction_work/build/CMakeFiles/CMakeTmp'
Building C object CMakeFiles/cmTC_77445.dir/CheckFunctionExists.c.o
/usr/bin/cc   -DCHECK_FUNCTION_EXISTS=pthread_create   -o CMakeFiles/cmTC_77445.dir/CheckFunctionExists.c.o   -c /usr/share/cmake-3.10/Modules/CheckFunctionExists.c
Linking C executable cmTC_77445
/usr/bin/cmake -E cmake_link_script CMakeFiles/cmTC_77445.dir/link.txt --verbose=1
/usr/bin/cc  -DCHECK_FUNCTION_EXISTS=pthread_create    -rdynamic CMakeFiles/cmTC_77445.dir/CheckFunctionExists.c.o  -o cmTC_77445 -lpthreads 
/usr/bin/ld: cannot find -lpthreads
collect2: error: ld returned 1 exit status
CMakeFiles/cmTC_77445.dir/build.make:97: recipe for target 'cmTC_77445' failed
make[1]: *** [cmTC_77445] Error 1
make[1]: Leaving directory '/home/ibrahim/reconstruction_work/build/CMakeFiles/CMakeTmp'
Makefile:126: recipe for target 'cmTC_77445/fast' failed
make: *** [cmTC_77445/fast] Error 2


